<?xml version="1.0" encoding="UTF-8"?>
<!-- Generated by org.testng.reporters.JUnitXMLReporter -->
<testsuite ignored="0" hostname="DESKTOP-P7FBSD2" failures="0" tests="3" name="Default test" time="0.182" errors="0" timestamp="2021-05-15T10:03:46 IST">
  <testcase classname="CalculatorAPICICDDemo.AdditionTestCases" name="TestAdditionWithPositiveNumbers" time="0.02"/>
  <testcase classname="CalculatorAPICICDDemo.AdditionTestCases" name="TestAdditionWithOnePositiveOneNegative" time="0.006"/>
  <testcase classname="CalculatorAPICICDDemo.AdditionTestCases" name="TestAdditionwithZeroNumbers" time="0.003"/>
</testsuite> <!-- Default test -->
