<?xml version="1.0" encoding="UTF-8"?>
<testng-results ignored="0" total="10" passed="10" failed="0" skipped="0">
  <reporter-output>
  </reporter-output>
  <suite started-at="2021-04-21T17:30:04 IST" name="TestingCalculatorAPI" finished-at="2021-04-21T17:30:04 IST" duration-ms="112">
    <groups>
      <group name="RegressionTesting">
        <method signature="AdditionTestCases.TestAdditionWithOnePositiveOneNegative()[pri:2, instance:Training.CalculatorAPI.AdditionTestCases@2b546384]" name="TestAdditionWithOnePositiveOneNegative" class="Training.CalculatorAPI.AdditionTestCases"/>
        <method signature="AdditionTestCases.TestAdditionWithPositiveNumbers()[pri:1, instance:Training.CalculatorAPI.AdditionTestCases@2b546384]" name="TestAdditionWithPositiveNumbers" class="Training.CalculatorAPI.AdditionTestCases"/>
        <method signature="TestDivisionFunctionality.TestDivisionWithNegativeValues()[pri:2, instance:Training.CalculatorAPI.TestDivisionFunctionality@7fc2413d]" name="TestDivisionWithNegativeValues" class="Training.CalculatorAPI.TestDivisionFunctionality"/>
        <method signature="TestDivisionFunctionality.TestDivisionWithPositiveValues()[pri:1, instance:Training.CalculatorAPI.TestDivisionFunctionality@7fc2413d]" name="TestDivisionWithPositiveValues" class="Training.CalculatorAPI.TestDivisionFunctionality"/>
      </group> <!-- RegressionTesting -->
    </groups>
    <test started-at="2021-04-21T17:30:04 IST" name="AdditionTestCases" finished-at="2021-04-21T17:30:04 IST" duration-ms="46">
      <class name="Training.CalculatorAPI.AdditionTestCases">
        <test-method is-config="true" signature="Init()[pri:0, instance:Training.CalculatorAPI.AdditionTestCases@2b546384]" started-at="2021-04-21T17:30:04 IST" name="Init" finished-at="2021-04-21T17:30:04 IST" duration-ms="2" status="PASS">
          <reporter-output>
          </reporter-output>
        </test-method> <!-- Init -->
        <test-method is-config="true" signature="ReinitialiseResultVar()[pri:0, instance:Training.CalculatorAPI.AdditionTestCases@2b546384]" started-at="2021-04-21T17:30:04 IST" name="ReinitialiseResultVar" finished-at="2021-04-21T17:30:04 IST" duration-ms="0" status="PASS">
          <reporter-output>
          </reporter-output>
        </test-method> <!-- ReinitialiseResultVar -->
        <test-method signature="TestAdditionWithPositiveNumbers()[pri:1, instance:Training.CalculatorAPI.AdditionTestCases@2b546384]" started-at="2021-04-21T17:30:04 IST" name="TestAdditionWithPositiveNumbers" finished-at="2021-04-21T17:30:04 IST" duration-ms="4" status="PASS">
          <reporter-output>
          </reporter-output>
        </test-method> <!-- TestAdditionWithPositiveNumbers -->
        <test-method is-config="true" signature="ReinitialiseResultVar()[pri:0, instance:Training.CalculatorAPI.AdditionTestCases@2b546384]" started-at="2021-04-21T17:30:04 IST" name="ReinitialiseResultVar" finished-at="2021-04-21T17:30:04 IST" duration-ms="1" status="PASS">
          <reporter-output>
          </reporter-output>
        </test-method> <!-- ReinitialiseResultVar -->
        <test-method signature="TestAdditionWithOnePositiveOneNegative()[pri:2, instance:Training.CalculatorAPI.AdditionTestCases@2b546384]" started-at="2021-04-21T17:30:04 IST" name="TestAdditionWithOnePositiveOneNegative" finished-at="2021-04-21T17:30:04 IST" duration-ms="0" status="PASS">
          <reporter-output>
          </reporter-output>
        </test-method> <!-- TestAdditionWithOnePositiveOneNegative -->
        <test-method is-config="true" signature="ReinitialiseResultVar()[pri:0, instance:Training.CalculatorAPI.AdditionTestCases@2b546384]" started-at="2021-04-21T17:30:04 IST" name="ReinitialiseResultVar" finished-at="2021-04-21T17:30:04 IST" duration-ms="1" status="PASS">
          <reporter-output>
          </reporter-output>
        </test-method> <!-- ReinitialiseResultVar -->
        <test-method signature="TestAdditionwithZeroNumbers()[pri:3, instance:Training.CalculatorAPI.AdditionTestCases@2b546384]" started-at="2021-04-21T17:30:04 IST" name="TestAdditionwithZeroNumbers" finished-at="2021-04-21T17:30:04 IST" duration-ms="1" status="PASS">
          <reporter-output>
          </reporter-output>
        </test-method> <!-- TestAdditionwithZeroNumbers -->
        <test-method is-config="true" signature="Teardown()[pri:0, instance:Training.CalculatorAPI.AdditionTestCases@2b546384]" started-at="2021-04-21T17:30:04 IST" name="Teardown" finished-at="2021-04-21T17:30:04 IST" duration-ms="0" status="PASS">
          <reporter-output>
          </reporter-output>
        </test-method> <!-- Teardown -->
      </class> <!-- Training.CalculatorAPI.AdditionTestCases -->
    </test> <!-- AdditionTestCases -->
    <test started-at="2021-04-21T17:30:04 IST" name="TestingSubtractionTestCases" finished-at="2021-04-21T17:30:04 IST" duration-ms="2">
      <class name="Training.CalculatorAPI.TestingSubtractionTestCases">
        <test-method is-config="true" signature="Init()[pri:0, instance:Training.CalculatorAPI.TestingSubtractionTestCases@37e547da]" started-at="2021-04-21T17:30:04 IST" name="Init" finished-at="2021-04-21T17:30:04 IST" duration-ms="0" status="PASS">
          <reporter-output>
          </reporter-output>
        </test-method> <!-- Init -->
        <test-method signature="TestSubtractionWithPositiveNumbers()[pri:1, instance:Training.CalculatorAPI.TestingSubtractionTestCases@37e547da]" started-at="2021-04-21T17:30:04 IST" name="TestSubtractionWithPositiveNumbers" finished-at="2021-04-21T17:30:04 IST" duration-ms="1" status="PASS">
          <reporter-output>
          </reporter-output>
        </test-method> <!-- TestSubtractionWithPositiveNumbers -->
      </class> <!-- Training.CalculatorAPI.TestingSubtractionTestCases -->
    </test> <!-- TestingSubtractionTestCases -->
    <test started-at="2021-04-21T17:30:04 IST" name="TestingMultiplicationTestCases" finished-at="2021-04-21T17:30:04 IST" duration-ms="8">
      <class name="Training.CalculatorAPI.TestMultiplication">
        <test-method is-config="true" signature="Init()[pri:0, instance:Training.CalculatorAPI.TestMultiplication@78b729e6]" started-at="2021-04-21T17:30:04 IST" name="Init" finished-at="2021-04-21T17:30:04 IST" duration-ms="0" status="PASS">
          <reporter-output>
          </reporter-output>
        </test-method> <!-- Init -->
        <test-method is-config="true" signature="ReinitialisingResult()[pri:0, instance:Training.CalculatorAPI.TestMultiplication@78b729e6]" started-at="2021-04-21T17:30:04 IST" name="ReinitialisingResult" finished-at="2021-04-21T17:30:04 IST" duration-ms="0" status="PASS">
          <reporter-output>
          </reporter-output>
        </test-method> <!-- ReinitialisingResult -->
        <test-method signature="TestMultiplicationWithPositiveValues(int,int,int)[pri:1, instance:Training.CalculatorAPI.TestMultiplication@78b729e6]" started-at="2021-04-21T17:30:04 IST" name="TestMultiplicationWithPositiveValues" data-provider="ProvidePositiveIntegerValues" finished-at="2021-04-21T17:30:04 IST" duration-ms="0" status="PASS">
          <params>
            <param index="0">
              <value>
                <![CDATA[1]]>
              </value>
            </param>
            <param index="1">
              <value>
                <![CDATA[2]]>
              </value>
            </param>
            <param index="2">
              <value>
                <![CDATA[2]]>
              </value>
            </param>
          </params>
          <reporter-output>
          </reporter-output>
        </test-method> <!-- TestMultiplicationWithPositiveValues -->
        <test-method is-config="true" signature="ReinitialisingResult()[pri:0, instance:Training.CalculatorAPI.TestMultiplication@78b729e6]" started-at="2021-04-21T17:30:04 IST" name="ReinitialisingResult" finished-at="2021-04-21T17:30:04 IST" duration-ms="1" status="PASS">
          <reporter-output>
          </reporter-output>
        </test-method> <!-- ReinitialisingResult -->
        <test-method signature="TestMultiplicationWithPositiveValues(int,int,int)[pri:1, instance:Training.CalculatorAPI.TestMultiplication@78b729e6]" started-at="2021-04-21T17:30:04 IST" name="TestMultiplicationWithPositiveValues" data-provider="ProvidePositiveIntegerValues" finished-at="2021-04-21T17:30:04 IST" duration-ms="0" status="PASS">
          <params>
            <param index="0">
              <value>
                <![CDATA[10]]>
              </value>
            </param>
            <param index="1">
              <value>
                <![CDATA[20]]>
              </value>
            </param>
            <param index="2">
              <value>
                <![CDATA[200]]>
              </value>
            </param>
          </params>
          <reporter-output>
          </reporter-output>
        </test-method> <!-- TestMultiplicationWithPositiveValues -->
        <test-method signature="TestMultiplicationWithPositiveValues(int,int,int)[pri:1, instance:Training.CalculatorAPI.TestMultiplication@78b729e6]" started-at="2021-04-21T17:30:04 IST" name="TestMultiplicationWithPositiveValues" data-provider="ProvidePositiveIntegerValues" finished-at="2021-04-21T17:30:04 IST" duration-ms="0" status="PASS">
          <params>
            <param index="0">
              <value>
                <![CDATA[1000]]>
              </value>
            </param>
            <param index="1">
              <value>
                <![CDATA[2000]]>
              </value>
            </param>
            <param index="2">
              <value>
                <![CDATA[2000000]]>
              </value>
            </param>
          </params>
          <reporter-output>
          </reporter-output>
        </test-method> <!-- TestMultiplicationWithPositiveValues -->
        <test-method is-config="true" signature="ReinitialisingResult()[pri:0, instance:Training.CalculatorAPI.TestMultiplication@78b729e6]" started-at="2021-04-21T17:30:04 IST" name="ReinitialisingResult" finished-at="2021-04-21T17:30:04 IST" duration-ms="0" status="PASS">
          <reporter-output>
          </reporter-output>
        </test-method> <!-- ReinitialisingResult -->
        <test-method is-config="true" signature="ReinitialisingResult()[pri:0, instance:Training.CalculatorAPI.TestMultiplication@78b729e6]" started-at="2021-04-21T17:30:04 IST" name="ReinitialisingResult" finished-at="2021-04-21T17:30:04 IST" duration-ms="0" status="PASS">
          <reporter-output>
          </reporter-output>
        </test-method> <!-- ReinitialisingResult -->
        <test-method signature="TestMultiplicationWithPositiveValues(int,int,int)[pri:1, instance:Training.CalculatorAPI.TestMultiplication@78b729e6]" started-at="2021-04-21T17:30:04 IST" name="TestMultiplicationWithPositiveValues" data-provider="ProvidePositiveIntegerValues" finished-at="2021-04-21T17:30:04 IST" duration-ms="0" status="PASS">
          <params>
            <param index="0">
              <value>
                <![CDATA[100]]>
              </value>
            </param>
            <param index="1">
              <value>
                <![CDATA[200]]>
              </value>
            </param>
            <param index="2">
              <value>
                <![CDATA[20000]]>
              </value>
            </param>
          </params>
          <reporter-output>
          </reporter-output>
        </test-method> <!-- TestMultiplicationWithPositiveValues -->
      </class> <!-- Training.CalculatorAPI.TestMultiplication -->
    </test> <!-- TestingMultiplicationTestCases -->
    <test started-at="2021-04-21T17:30:04 IST" name="TestingDivisionTestCases" finished-at="2021-04-21T17:30:04 IST" duration-ms="6">
      <class name="Training.CalculatorAPI.TestMultiplication">
        <test-method is-config="true" signature="CreateResultFolder(java.lang.String)[pri:0, instance:Training.CalculatorAPI.TestMultiplication@78b729e6]" started-at="2021-04-21T17:30:04 IST" name="CreateResultFolder" finished-at="2021-04-21T17:30:04 IST" duration-ms="16" status="PASS">
          <params>
            <param index="0">
              <value>
                <![CDATA[Req101]]>
              </value>
            </param>
          </params>
          <reporter-output>
          </reporter-output>
        </test-method> <!-- CreateResultFolder -->
        <test-method is-config="true" signature="CopyResultFile(java.lang.String)[pri:0, instance:Training.CalculatorAPI.TestMultiplication@78b729e6]" started-at="2021-04-21T17:30:04 IST" name="CopyResultFile" finished-at="2021-04-21T17:30:04 IST" duration-ms="6" status="PASS">
          <params>
            <param index="0">
              <value>
                <![CDATA[Req101]]>
              </value>
            </param>
          </params>
          <reporter-output>
          </reporter-output>
        </test-method> <!-- CopyResultFile -->
      </class> <!-- Training.CalculatorAPI.TestMultiplication -->
      <class name="Training.CalculatorAPI.TestDivisionFunctionality">
        <test-method is-config="true" signature="CreateObj()[pri:0, instance:Training.CalculatorAPI.TestDivisionFunctionality@7fc2413d]" started-at="2021-04-21T17:30:04 IST" name="CreateObj" finished-at="2021-04-21T17:30:04 IST" duration-ms="1" status="PASS">
          <reporter-output>
          </reporter-output>
        </test-method> <!-- CreateObj -->
        <test-method is-config="true" signature="InitialiseRes()[pri:0, instance:Training.CalculatorAPI.TestDivisionFunctionality@7fc2413d]" started-at="2021-04-21T17:30:04 IST" name="InitialiseRes" finished-at="2021-04-21T17:30:04 IST" duration-ms="1" status="PASS">
          <reporter-output>
          </reporter-output>
        </test-method> <!-- InitialiseRes -->
        <test-method signature="TestDivisionWithPositiveValues()[pri:1, instance:Training.CalculatorAPI.TestDivisionFunctionality@7fc2413d]" started-at="2021-04-21T17:30:04 IST" name="TestDivisionWithPositiveValues" finished-at="2021-04-21T17:30:04 IST" duration-ms="0" status="PASS">
          <reporter-output>
          </reporter-output>
        </test-method> <!-- TestDivisionWithPositiveValues -->
        <test-method is-config="true" signature="AfterMethod()[pri:0, instance:Training.CalculatorAPI.TestDivisionFunctionality@7fc2413d]" started-at="2021-04-21T17:30:04 IST" name="AfterMethod" finished-at="2021-04-21T17:30:04 IST" duration-ms="1" status="PASS">
          <reporter-output>
          </reporter-output>
        </test-method> <!-- AfterMethod -->
        <test-method signature="TestDivisionWithNegativeValues()[pri:2, instance:Training.CalculatorAPI.TestDivisionFunctionality@7fc2413d]" started-at="2021-04-21T17:30:04 IST" name="TestDivisionWithNegativeValues" finished-at="2021-04-21T17:30:04 IST" duration-ms="1" status="PASS">
          <reporter-output>
          </reporter-output>
        </test-method> <!-- TestDivisionWithNegativeValues -->
        <test-method is-config="true" signature="InitialiseRes()[pri:0, instance:Training.CalculatorAPI.TestDivisionFunctionality@7fc2413d]" started-at="2021-04-21T17:30:04 IST" name="InitialiseRes" finished-at="2021-04-21T17:30:04 IST" duration-ms="0" status="PASS">
          <reporter-output>
          </reporter-output>
        </test-method> <!-- InitialiseRes -->
        <test-method is-config="true" signature="AfterMethod()[pri:0, instance:Training.CalculatorAPI.TestDivisionFunctionality@7fc2413d]" started-at="2021-04-21T17:30:04 IST" name="AfterMethod" finished-at="2021-04-21T17:30:04 IST" duration-ms="0" status="PASS">
          <reporter-output>
          </reporter-output>
        </test-method> <!-- AfterMethod -->
        <test-method is-config="true" signature="ReleaseObj()[pri:0, instance:Training.CalculatorAPI.TestDivisionFunctionality@7fc2413d]" started-at="2021-04-21T17:30:04 IST" name="ReleaseObj" finished-at="2021-04-21T17:30:04 IST" duration-ms="0" status="PASS">
          <reporter-output>
          </reporter-output>
        </test-method> <!-- ReleaseObj -->
      </class> <!-- Training.CalculatorAPI.TestDivisionFunctionality -->
    </test> <!-- TestingDivisionTestCases -->
  </suite> <!-- TestingCalculatorAPI -->
</testng-results>
