<?xml version="1.0" encoding="UTF-8"?>
<testsuite xmlns:xsi="http://www.w3.org/2001/XMLSchema-instance" xsi:noNamespaceSchemaLocation="https://maven.apache.org/surefire/maven-surefire-plugin/xsd/surefire-test-report.xsd" name="TestSuite" time="0.754" tests="10" errors="0" skipped="0" failures="0">
  <properties>
[...]
</properties>
  <testcase name="TestAdditionWithPositiveNumbers" classname="Training.CalculatorAPI.AdditionTestCases" time="0.006"/>
  <testcase name="TestAdditionWithOnePositiveOneNegative" classname="Training.CalculatorAPI.AdditionTestCases" time="0.005"/>
  <testcase name="TestAdditionwithZeroNumbers" classname="Training.CalculatorAPI.AdditionTestCases" time="0.001"/>
  <testcase name="TestSubtractionWithPositiveNumbers" classname="Training.CalculatorAPI.TestingSubtractionTestCases" time="0"/>
  <testcase name="TestMultiplicationWithPositiveValues" classname="Training.CalculatorAPI.TestMultiplication" time="0"/>
  <testcase name="TestMultiplicationWithPositiveValues" classname="Training.CalculatorAPI.TestMultiplication" time="0.002"/>
  <testcase name="TestMultiplicationWithPositiveValues" classname="Training.CalculatorAPI.TestMultiplication" time="0"/>
  <testcase name="TestMultiplicationWithPositiveValues" classname="Training.CalculatorAPI.TestMultiplication" time="0"/>
  <testcase name="TestDivisionWithPositiveValues" classname="Training.CalculatorAPI.TestDivisionFunctionality" time="0.002"/>
  <testcase name="TestDivisionWithNegativeValues" classname="Training.CalculatorAPI.TestDivisionFunctionality" time="0.002"/>
</testsuite>