<?xml version="1.0" encoding="UTF-8"?>
<testng-results ignored="0" total="3" passed="3" failed="0" skipped="0">
  <reporter-output>
  </reporter-output>
  <suite started-at="2021-05-15T10:03:46 IST" name="Default suite" finished-at="2021-05-15T10:03:46 IST" duration-ms="182">
    <groups>
      <group name="RegressionTesting">
        <method signature="AdditionTestCases.TestAdditionWithOnePositiveOneNegative()[pri:2, instance:CalculatorAPICICDDemo.AdditionTestCases@7fc2413d]" name="TestAdditionWithOnePositiveOneNegative" class="CalculatorAPICICDDemo.AdditionTestCases"/>
        <method signature="AdditionTestCases.TestAdditionWithPositiveNumbers()[pri:1, instance:CalculatorAPICICDDemo.AdditionTestCases@7fc2413d]" name="TestAdditionWithPositiveNumbers" class="CalculatorAPICICDDemo.AdditionTestCases"/>
      </group> <!-- RegressionTesting -->
    </groups>
    <test started-at="2021-05-15T10:03:46 IST" name="Default test" finished-at="2021-05-15T10:03:46 IST" duration-ms="182">
      <class name="CalculatorAPICICDDemo.AdditionTestCases">
        <test-method is-config="true" signature="Init()[pri:0, instance:CalculatorAPICICDDemo.AdditionTestCases@7fc2413d]" started-at="2021-05-15T10:03:46 IST" name="Init" finished-at="2021-05-15T10:03:46 IST" duration-ms="16" status="PASS">
          <reporter-output>
          </reporter-output>
        </test-method> <!-- Init -->
        <test-method is-config="true" signature="ReinitialiseResultVar()[pri:0, instance:CalculatorAPICICDDemo.AdditionTestCases@7fc2413d]" started-at="2021-05-15T10:03:46 IST" name="ReinitialiseResultVar" finished-at="2021-05-15T10:03:46 IST" duration-ms="2" status="PASS">
          <reporter-output>
          </reporter-output>
        </test-method> <!-- ReinitialiseResultVar -->
        <test-method signature="TestAdditionWithPositiveNumbers()[pri:1, instance:CalculatorAPICICDDemo.AdditionTestCases@7fc2413d]" started-at="2021-05-15T10:03:46 IST" name="TestAdditionWithPositiveNumbers" finished-at="2021-05-15T10:03:46 IST" duration-ms="20" status="PASS">
          <reporter-output>
          </reporter-output>
        </test-method> <!-- TestAdditionWithPositiveNumbers -->
        <test-method is-config="true" signature="ReinitialiseResultVar()[pri:0, instance:CalculatorAPICICDDemo.AdditionTestCases@7fc2413d]" started-at="2021-05-15T10:03:46 IST" name="ReinitialiseResultVar" finished-at="2021-05-15T10:03:46 IST" duration-ms="18" status="PASS">
          <reporter-output>
          </reporter-output>
        </test-method> <!-- ReinitialiseResultVar -->
        <test-method signature="TestAdditionWithOnePositiveOneNegative()[pri:2, instance:CalculatorAPICICDDemo.AdditionTestCases@7fc2413d]" started-at="2021-05-15T10:03:46 IST" name="TestAdditionWithOnePositiveOneNegative" finished-at="2021-05-15T10:03:46 IST" duration-ms="6" status="PASS">
          <reporter-output>
          </reporter-output>
        </test-method> <!-- TestAdditionWithOnePositiveOneNegative -->
        <test-method is-config="true" signature="ReinitialiseResultVar()[pri:0, instance:CalculatorAPICICDDemo.AdditionTestCases@7fc2413d]" started-at="2021-05-15T10:03:46 IST" name="ReinitialiseResultVar" finished-at="2021-05-15T10:03:46 IST" duration-ms="0" status="PASS">
          <reporter-output>
          </reporter-output>
        </test-method> <!-- ReinitialiseResultVar -->
        <test-method signature="TestAdditionwithZeroNumbers()[pri:3, instance:CalculatorAPICICDDemo.AdditionTestCases@7fc2413d]" started-at="2021-05-15T10:03:46 IST" name="TestAdditionwithZeroNumbers" finished-at="2021-05-15T10:03:46 IST" duration-ms="3" status="PASS">
          <reporter-output>
          </reporter-output>
        </test-method> <!-- TestAdditionwithZeroNumbers -->
        <test-method is-config="true" signature="Teardown()[pri:0, instance:CalculatorAPICICDDemo.AdditionTestCases@7fc2413d]" started-at="2021-05-15T10:03:46 IST" name="Teardown" finished-at="2021-05-15T10:03:46 IST" duration-ms="0" status="PASS">
          <reporter-output>
          </reporter-output>
        </test-method> <!-- Teardown -->
      </class> <!-- CalculatorAPICICDDemo.AdditionTestCases -->
    </test> <!-- Default test -->
  </suite> <!-- Default suite -->
</testng-results>
