<?xml version="1.0" encoding="UTF-8"?>
<!-- Generated by org.testng.reporters.JUnitXMLReporter -->
<testsuite ignored="0" hostname="DESKTOP-P7FBSD2" failures="0" tests="3" name="AdditionTestCases" time="0.053" errors="0" timestamp="2021-04-21T17:30:15 IST">
  <testcase classname="Training.CalculatorAPI.AdditionTestCases" name="TestAdditionWithPositiveNumbers" time="0.008"/>
  <testcase classname="Training.CalculatorAPI.AdditionTestCases" name="TestAdditionWithOnePositiveOneNegative" time="0.001"/>
  <testcase classname="Training.CalculatorAPI.AdditionTestCases" name="TestAdditionwithZeroNumbers" time="0.002"/>
</testsuite> <!-- AdditionTestCases -->
