<?xml version="1.0" encoding="UTF-8"?>
<!-- Generated by org.testng.reporters.JUnitXMLReporter -->
<testsuite ignored="0" hostname="DESKTOP-P7FBSD2" failures="0" tests="4" name="TestingMultiplicationTestCases" time="0.022" errors="0" timestamp="2021-04-21T17:30:16 IST">
  <testcase classname="Training.CalculatorAPI.TestMultiplication" name="TestMultiplicationWithPositiveValues" time="0.001"/>
  <testcase classname="Training.CalculatorAPI.TestMultiplication" name="TestMultiplicationWithPositiveValues" time="0.002"/>
  <testcase classname="Training.CalculatorAPI.TestMultiplication" name="TestMultiplicationWithPositiveValues" time="0.001"/>
  <testcase classname="Training.CalculatorAPI.TestMultiplication" name="TestMultiplicationWithPositiveValues" time="0.001"/>
</testsuite> <!-- TestingMultiplicationTestCases -->
