<?xml version="1.0" encoding="UTF-8"?>
<!-- Generated by org.testng.reporters.JUnitXMLReporter -->
<testsuite ignored="0" hostname="DESKTOP-P7FBSD2" failures="0" tests="2" name="TestingDivisionTestCases" time="0.006" errors="0" timestamp="2021-04-21T17:30:04 IST">
  <testcase classname="Training.CalculatorAPI.TestDivisionFunctionality" name="TestDivisionWithPositiveValues" time="0.0"/>
  <testcase classname="Training.CalculatorAPI.TestDivisionFunctionality" name="TestDivisionWithNegativeValues" time="0.001"/>
</testsuite> <!-- TestingDivisionTestCases -->
