<?xml version="1.0" encoding="UTF-8"?>
<!-- Generated by org.testng.reporters.JUnitXMLReporter -->
<testsuite ignored="1" hostname="DESKTOP-P7FBSD2" failures="0" tests="2" name="AdditionTestCases" time="0.072" errors="0" timestamp="2021-04-20T10:28:04 IST">
  <testcase classname="Training.CalculatorAPI.AdditionTestCases" name="TestAdditionWithPositiveNumbers" time="0.008"/>
  <testcase classname="Training.CalculatorAPI.AdditionTestCases" name="TestAdditionWithOnePositiveOneNegative" time="0.003"/>
  <testcase classname="Training.CalculatorAPI.AdditionTestCases" name="TestAdditionwithZeroNumbers" time="0.0">
    <ignored/>
  </testcase> <!-- TestAdditionwithZeroNumbers -->
</testsuite> <!-- AdditionTestCases -->
